======================================================================
3. 診斷報告 (R-hat & ESS):
======================================================================

基本參數:
             mean  r_hat  ess_bulk
v_match     2.921   1.01    5715.0
v_mismatch  1.286   1.01    4163.0

各 Condition 的 V 和 H Drift Rates:
         mean  r_hat  ess_bulk
HV_L_V  1.286   1.01    4163.0
HV_L_H  2.921   1.01    5715.0
HV_R_V  2.921   1.01    5715.0
HV_R_H  1.286   1.01    4163.0
HH_L_V  1.286   1.01    4163.0
HH_L_H  2.921   1.01    5715.0
HH_R_V  1.286   1.01    4163.0
HH_R_H  2.921   1.01    5715.0
VH_L_V  2.921   1.01    5715.0
VH_L_H  1.286   1.01    4163.0
VH_R_V  1.286   1.01    4163.0
VH_R_H  2.921   1.01    5715.0
VV_L_V  2.921   1.01    5715.0
VV_L_H  1.286   1.01    4163.0
VV_R_V  2.921   1.01    5715.0
VV_R_H  1.286   1.01    4163.0

4. 真值比較:
   【注意】數據使用 4 組隨機參數（無 PS 規律），但 PS 模型假設所有 condition 共用參數
   PS 模型估計值（強制共用）：
     v_match    = 2.921
     v_mismatch = 1.286

   真實值（4 組獨立）：
     VH: v_match=3.048, v_mismatch=0.594
     HH: v_match=2.378, v_mismatch=1.476
     HV: v_match=3.217, v_mismatch=1.261
     VV: v_match=2.895, v_mismatch=1.286

   Posterior 估計的各 Condition Drift Rate 配置:
   VH(/|):
     左邊(L): V累積器=2.921, H累積器=1.286
     右邊(R): V累積器=1.286, H累積器=2.921
   HH(||):
     左邊(L): V累積器=1.286, H累積器=2.921
     右邊(R): V累積器=1.286, H累積器=2.921
   HV(|/):
     左邊(L): V累積器=1.286, H累積器=2.921
     右邊(R): V累積器=2.921, H累積器=1.286
   VV(//):
     左邊(L): V累積器=2.921, H累積器=1.286
     右邊(R): V累積器=2.921, H累積器=1.286

======================================================================
5. 儲存至 NetCDF 並準備 WAIC 比較...
======================================================================
已儲存至: final_4param_ps_results.nc

======================================================================
6. 提取每個 Trial 的 Drift Rates...
======================================================================

總共 4946 個 trials

前 10 個 trials 的資訊:
 trial condition left_stim right_stim choice left_judgment right_judgment       rt  left_drift_judge_H  left_drift_judge_V  right_drift_judge_H  right_drift_judge_V  left_winner_drift  right_winner_drift
     0    VH(/|)      V(/)       H(|)     VH          V(/)           H(|) 0.585114               1.286               2.921                2.921                1.286              2.921               2.921
     1    VH(/|)      V(/)       H(|)     VH          V(/)           H(|) 0.739693               1.286               2.921                2.921                1.286              2.921               2.921
     2    VH(/|)      V(/)       H(|)     VH          V(/)           H(|) 0.660939               1.286               2.921                2.921                1.286              2.921               2.921
     3    VH(/|)      V(/)       H(|)     VH          V(/)           H(|) 0.895417               1.286               2.921                2.921                1.286              2.921               2.921
     4    VH(/|)      V(/)       H(|)     VH          V(/)           H(|) 0.592499               1.286               2.921                2.921                1.286              2.921               2.921
     5    VH(/|)      V(/)       H(|)     VH          V(/)           H(|) 0.945605               1.286               2.921                2.921                1.286              2.921               2.921
     6    VH(/|)      V(/)       H(|)     VH          V(/)           H(|) 1.104038               1.286               2.921                2.921                1.286              2.921               2.921
     7    VH(/|)      V(/)       H(|)     VH          V(/)           H(|) 0.630091               1.286               2.921                2.921                1.286              2.921               2.921
     8    VH(/|)      V(/)       H(|)     VH          V(/)           H(|) 0.766360               1.286               2.921                2.921                1.286              2.921               2.921
     9    VH(/|)      V(/)       H(|)     VH          V(/)           H(|) 1.053772               1.286               2.921                2.921                1.286              2.921               2.921


按 Condition 分組的平均 drift rates:
----------------------------------------------------------------------
           left_drift_judge_H  left_drift_judge_V  right_drift_judge_H  right_drift_judge_V        rt
condition                                                                                            
HH(||)                  2.921               1.286                2.921                1.286  0.885375
HV(|/)                  2.921               1.286                1.286                2.921  0.742994
VH(/|)                  1.286               2.921                2.921                1.286  0.799648
VV(//)                  1.286               2.921                1.286                2.921  0.807043

各 Condition 下獲勝累積器的平均 drift rate:
----------------------------------------------------------------------
           left_winner_drift  right_winner_drift
condition                                       
HH(||)              2.497902            2.511249
HV(|/)              2.769151            2.761296
VH(/|)              2.864165            2.849626
VV(//)              2.707854            2.666814

已儲存至: trial_drift_rates.csv

======================================================================
完成所有分析！
===========================================================
